This file contains any messages produced by compilers while
running configure, to aid debugging if configure makes a mistake.

It was created by sphinxbase configure 5prealpha, which was
generated by GNU Autoconf 2.69.  Invocation command line was

  $ ./sphinxbase/configure 

## --------- ##
## Platform. ##
## --------- ##

hostname = caterros
uname -m = x86_64
uname -r = 4.4.0-78-generic
uname -s = Linux
uname -v = #99~14.04.2-Ubuntu SMP Thu Apr 27 18:49:46 UTC 2017

/usr/bin/uname -p = unknown
/bin/uname -X     = unknown

/bin/arch              = unknown
/usr/bin/arch -k       = unknown
/usr/convex/getsysinfo = unknown
/usr/bin/hostinfo      = unknown
/bin/machine           = unknown
/usr/bin/oslevel       = unknown
/bin/universe          = unknown

PATH: /opt/ros/indigo/bin
PATH: /usr/local/sbin
PATH: /usr/local/bin
PATH: /usr/sbin
PATH: /usr/bin
PATH: /sbin
PATH: /bin
PATH: /usr/games
PATH: /usr/local/games
PATH: /usr/lib/jvm/java-8-oracle/bin
PATH: /usr/lib/jvm/java-8-oracle/db/bin
PATH: /usr/lib/jvm/java-8-oracle/jre/bin


## ----------- ##
## Core tests. ##
## ----------- ##

configure:2536: checking for a BSD-compatible install
configure:2604: result: /usr/bin/install -c
configure:2615: checking whether build environment is sane
configure:2670: result: yes
configure:2821: checking for a thread-safe mkdir -p
configure:2860: result: /bin/mkdir -p
configure:2867: checking for gawk
configure:2897: result: no
configure:2867: checking for mawk
configure:2883: found /usr/bin/mawk
configure:2894: result: mawk
configure:2905: checking whether make sets $(MAKE)
configure:2927: result: yes
configure:2956: checking whether make supports nested variables
configure:2973: result: yes
configure:3097: checking build system type
configure:3111: result: x86_64-unknown-linux-gnu
configure:3131: checking host system type
configure:3144: result: x86_64-unknown-linux-gnu
configure:3176: checking for style of include used by make
configure:3204: result: GNU
configure:3275: checking for gcc
configure:3291: found /usr/bin/gcc
configure:3302: result: gcc
configure:3531: checking for C compiler version
configure:3540: gcc --version >&5
gcc (Ubuntu 4.8.4-2ubuntu1~14.04.3) 4.8.4
Copyright (C) 2013 Free Software Foundation, Inc.
This is free software; see the source for copying conditions.  There is NO
warranty; not even for MERCHANTABILITY or FITNESS FOR A PARTICULAR PURPOSE.

configure:3551: $? = 0
configure:3540: gcc -v >&5
Using built-in specs.
COLLECT_GCC=gcc
COLLECT_LTO_WRAPPER=/usr/lib/gcc/x86_64-linux-gnu/4.8/lto-wrapper
Target: x86_64-linux-gnu
Configured with: ../src/configure -v --with-pkgversion='Ubuntu 4.8.4-2ubuntu1~14.04.3' --with-bugurl=file:///usr/share/doc/gcc-4.8/README.Bugs --enable-languages=c,c++,java,go,d,fortran,objc,obj-c++ --prefix=/usr --program-suffix=-4.8 --enable-shared --enable-linker-build-id --libexecdir=/usr/lib --without-included-gettext --enable-threads=posix --with-gxx-include-dir=/usr/include/c++/4.8 --libdir=/usr/lib --enable-nls --with-sysroot=/ --enable-clocale=gnu --enable-libstdcxx-debug --enable-libstdcxx-time=yes --enable-gnu-unique-object --disable-libmudflap --enable-plugin --with-system-zlib --disable-browser-plugin --enable-java-awt=gtk --enable-gtk-cairo --with-java-home=/usr/lib/jvm/java-1.5.0-gcj-4.8-amd64/jre --enable-java-home --with-jvm-root-dir=/usr/lib/jvm/java-1.5.0-gcj-4.8-amd64 --with-jvm-jar-dir=/usr/lib/jvm-exports/java-1.5.0-gcj-4.8-amd64 --with-arch-directory=amd64 --with-ecj-jar=/usr/share/java/eclipse-ecj.jar --enable-objc-gc --enable-multiarch --disable-werror --with-arch-32=i686 --with-abi=m64 --with-multilib-list=m32,m64,mx32 --with-tune=generic --enable-checking=release --build=x86_64-linux-gnu --host=x86_64-linux-gnu --target=x86_64-linux-gnu
Thread model: posix
gcc version 4.8.4 (Ubuntu 4.8.4-2ubuntu1~14.04.3) 
configure:3551: $? = 0
configure:3540: gcc -V >&5
gcc: error: unrecognized command line option '-V'
gcc: fatal error: no input files
compilation terminated.
configure:3551: $? = 4
configure:3540: gcc -qversion >&5
gcc: error: unrecognized command line option '-qversion'
gcc: fatal error: no input files
compilation terminated.
configure:3551: $? = 4
configure:3571: checking whether the C compiler works
configure:3593: gcc -g -O2 -Wall   conftest.c  >&5
configure:3597: $? = 0
configure:3645: result: yes
configure:3648: checking for C compiler default output file name
configure:3650: result: a.out
configure:3656: checking for suffix of executables
configure:3663: gcc -o conftest -g -O2 -Wall   conftest.c  >&5
configure:3667: $? = 0
configure:3689: result: 
configure:3711: checking whether we are cross compiling
configure:3719: gcc -o conftest -g -O2 -Wall   conftest.c  >&5
configure:3723: $? = 0
configure:3730: ./conftest
configure:3734: $? = 0
configure:3749: result: no
configure:3754: checking for suffix of object files
configure:3776: gcc -c -g -O2 -Wall  conftest.c >&5
configure:3780: $? = 0
configure:3801: result: o
configure:3805: checking whether we are using the GNU C compiler
configure:3824: gcc -c -g -O2 -Wall  conftest.c >&5
configure:3824: $? = 0
configure:3833: result: yes
configure:3842: checking whether gcc accepts -g
configure:3862: gcc -c -g  conftest.c >&5
configure:3862: $? = 0
configure:3903: result: yes
configure:3920: checking for gcc option to accept ISO C89
configure:3983: gcc  -c -g -O2 -Wall  conftest.c >&5
configure:3983: $? = 0
configure:3996: result: none needed
configure:4021: checking whether gcc understands -c and -o together
configure:4043: gcc -c conftest.c -o conftest2.o
configure:4046: $? = 0
configure:4043: gcc -c conftest.c -o conftest2.o
configure:4046: $? = 0
configure:4058: result: yes
configure:4077: checking dependency style of gcc
configure:4188: result: gcc3
configure:4204: checking for library containing strerror
configure:4235: gcc -o conftest -g -O2 -Wall   conftest.c  >&5
configure:4235: $? = 0
configure:4252: result: none required
configure:4308: checking for gcc
configure:4335: result: gcc
configure:4564: checking for C compiler version
configure:4573: gcc --version >&5
gcc (Ubuntu 4.8.4-2ubuntu1~14.04.3) 4.8.4
Copyright (C) 2013 Free Software Foundation, Inc.
This is free software; see the source for copying conditions.  There is NO
warranty; not even for MERCHANTABILITY or FITNESS FOR A PARTICULAR PURPOSE.

configure:4584: $? = 0
configure:4573: gcc -v >&5
Using built-in specs.
COLLECT_GCC=gcc
COLLECT_LTO_WRAPPER=/usr/lib/gcc/x86_64-linux-gnu/4.8/lto-wrapper
Target: x86_64-linux-gnu
Configured with: ../src/configure -v --with-pkgversion='Ubuntu 4.8.4-2ubuntu1~14.04.3' --with-bugurl=file:///usr/share/doc/gcc-4.8/README.Bugs --enable-languages=c,c++,java,go,d,fortran,objc,obj-c++ --prefix=/usr --program-suffix=-4.8 --enable-shared --enable-linker-build-id --libexecdir=/usr/lib --without-included-gettext --enable-threads=posix --with-gxx-include-dir=/usr/include/c++/4.8 --libdir=/usr/lib --enable-nls --with-sysroot=/ --enable-clocale=gnu --enable-libstdcxx-debug --enable-libstdcxx-time=yes --enable-gnu-unique-object --disable-libmudflap --enable-plugin --with-system-zlib --disable-browser-plugin --enable-java-awt=gtk --enable-gtk-cairo --with-java-home=/usr/lib/jvm/java-1.5.0-gcj-4.8-amd64/jre --enable-java-home --with-jvm-root-dir=/usr/lib/jvm/java-1.5.0-gcj-4.8-amd64 --with-jvm-jar-dir=/usr/lib/jvm-exports/java-1.5.0-gcj-4.8-amd64 --with-arch-directory=amd64 --with-ecj-jar=/usr/share/java/eclipse-ecj.jar --enable-objc-gc --enable-multiarch --disable-werror --with-arch-32=i686 --with-abi=m64 --with-multilib-list=m32,m64,mx32 --with-tune=generic --enable-checking=release --build=x86_64-linux-gnu --host=x86_64-linux-gnu --target=x86_64-linux-gnu
Thread model: posix
gcc version 4.8.4 (Ubuntu 4.8.4-2ubuntu1~14.04.3) 
configure:4584: $? = 0
configure:4573: gcc -V >&5
gcc: error: unrecognized command line option '-V'
gcc: fatal error: no input files
compilation terminated.
configure:4584: $? = 4
configure:4573: gcc -qversion >&5
gcc: error: unrecognized command line option '-qversion'
gcc: fatal error: no input files
compilation terminated.
configure:4584: $? = 4
configure:4588: checking whether we are using the GNU C compiler
configure:4616: result: yes
configure:4625: checking whether gcc accepts -g
configure:4686: result: yes
configure:4703: checking for gcc option to accept ISO C89
configure:4779: result: none needed
configure:4804: checking whether gcc understands -c and -o together
configure:4841: result: yes
configure:4860: checking dependency style of gcc
configure:4971: result: gcc3
configure:4990: checking for gcc option to accept ISO C99
configure:5139: gcc  -c -g -O2 -Wall  conftest.c >&5
conftest.c:59:29: error: expected ';', ',' or ')' before 'text'
 test_restrict (ccp restrict text)
                             ^
conftest.c: In function 'test_varargs':
conftest.c:80:9: warning: variable 'fnumber' set but not used [-Wunused-but-set-variable]
   float fnumber;
         ^
conftest.c:79:7: warning: variable 'number' set but not used [-Wunused-but-set-variable]
   int number;
       ^
conftest.c:78:15: warning: variable 'str' set but not used [-Wunused-but-set-variable]
   const char *str;
               ^
conftest.c: In function 'main':
conftest.c:111:3: warning: implicit declaration of function 'test_restrict' [-Wimplicit-function-declaration]
   if (test_restrict ("String literal") == 0)
   ^
conftest.c:113:18: error: expected '=', ',', ';', 'asm' or '__attribute__' before 'newvar'
   char *restrict newvar = "Another string";
                  ^
conftest.c:113:18: error: 'newvar' undeclared (first use in this function)
conftest.c:113:18: note: each undeclared identifier is reported only once for each function it appears in
conftest.c:123:3: error: 'for' loop initial declarations are only allowed in C99 mode
   for (int i = 0; i < ia->datasize; ++i)
   ^
conftest.c:123:3: note: use option -std=c99 or -std=gnu99 to compile your code
configure:5139: $? = 1
configure: failed program was:
| /* confdefs.h */
| #define PACKAGE_NAME "sphinxbase"
| #define PACKAGE_TARNAME "sphinxbase"
| #define PACKAGE_VERSION "5prealpha"
| #define PACKAGE_STRING "sphinxbase 5prealpha"
| #define PACKAGE_BUGREPORT ""
| #define PACKAGE_URL ""
| /* end confdefs.h.  */
| #include <stdarg.h>
| #include <stdbool.h>
| #include <stdlib.h>
| #include <wchar.h>
| #include <stdio.h>
| 
| // Check varargs macros.  These examples are taken from C99 6.10.3.5.
| #define debug(...) fprintf (stderr, __VA_ARGS__)
| #define showlist(...) puts (#__VA_ARGS__)
| #define report(test,...) ((test) ? puts (#test) : printf (__VA_ARGS__))
| static void
| test_varargs_macros (void)
| {
|   int x = 1234;
|   int y = 5678;
|   debug ("Flag");
|   debug ("X = %d\n", x);
|   showlist (The first, second, and third items.);
|   report (x>y, "x is %d but y is %d", x, y);
| }
| 
| // Check long long types.
| #define BIG64 18446744073709551615ull
| #define BIG32 4294967295ul
| #define BIG_OK (BIG64 / BIG32 == 4294967297ull && BIG64 % BIG32 == 0)
| #if !BIG_OK
|   your preprocessor is broken;
| #endif
| #if BIG_OK
| #else
|   your preprocessor is broken;
| #endif
| static long long int bignum = -9223372036854775807LL;
| static unsigned long long int ubignum = BIG64;
| 
| struct incomplete_array
| {
|   int datasize;
|   double data[];
| };
| 
| struct named_init {
|   int number;
|   const wchar_t *name;
|   double average;
| };
| 
| typedef const char *ccp;
| 
| static inline int
| test_restrict (ccp restrict text)
| {
|   // See if C++-style comments work.
|   // Iterate through items via the restricted pointer.
|   // Also check for declarations in for loops.
|   for (unsigned int i = 0; *(text+i) != '\0'; ++i)
|     continue;
|   return 0;
| }
| 
| // Check varargs and va_copy.
| static void
| test_varargs (const char *format, ...)
| {
|   va_list args;
|   va_start (args, format);
|   va_list args_copy;
|   va_copy (args_copy, args);
| 
|   const char *str;
|   int number;
|   float fnumber;
| 
|   while (*format)
|     {
|       switch (*format++)
| 	{
| 	case 's': // string
| 	  str = va_arg (args_copy, const char *);
| 	  break;
| 	case 'd': // int
| 	  number = va_arg (args_copy, int);
| 	  break;
| 	case 'f': // float
| 	  fnumber = va_arg (args_copy, double);
| 	  break;
| 	default:
| 	  break;
| 	}
|     }
|   va_end (args_copy);
|   va_end (args);
| }
| 
| int
| main ()
| {
| 
|   // Check bool.
|   _Bool success = false;
| 
|   // Check restrict.
|   if (test_restrict ("String literal") == 0)
|     success = true;
|   char *restrict newvar = "Another string";
| 
|   // Check varargs.
|   test_varargs ("s, d' f .", "string", 65, 34.234);
|   test_varargs_macros ();
| 
|   // Check flexible array members.
|   struct incomplete_array *ia =
|     malloc (sizeof (struct incomplete_array) + (sizeof (double) * 10));
|   ia->datasize = 10;
|   for (int i = 0; i < ia->datasize; ++i)
|     ia->data[i] = i * 1.234;
| 
|   // Check named initializers.
|   struct named_init ni = {
|     .number = 34,
|     .name = L"Test wide string",
|     .average = 543.34343,
|   };
| 
|   ni.number = 58;
| 
|   int dynamic_array[ni.number];
|   dynamic_array[ni.number - 1] = 543;
| 
|   // work around unused variable warnings
|   return (!success || bignum == 0LL || ubignum == 0uLL || newvar[0] == 'x'
| 	  || dynamic_array[ni.number - 1] != 543);
| 
|   ;
|   return 0;
| }
configure:5139: gcc -std=gnu99 -c -g -O2 -Wall  conftest.c >&5
conftest.c: In function 'test_varargs':
conftest.c:80:9: warning: variable 'fnumber' set but not used [-Wunused-but-set-variable]
   float fnumber;
         ^
conftest.c:79:7: warning: variable 'number' set but not used [-Wunused-but-set-variable]
   int number;
       ^
conftest.c:78:15: warning: variable 'str' set but not used [-Wunused-but-set-variable]
   const char *str;
               ^
configure:5139: $? = 0
configure:5159: result: -std=gnu99
configure:5260: checking for gcc -std=gnu99 option to accept ISO Standard C
configure:5274: result: -std=gnu99
configure:5325: checking how to print strings
configure:5352: result: printf
configure:5373: checking for a sed that does not truncate output
configure:5437: result: /bin/sed
configure:5455: checking for grep that handles long lines and -e
configure:5513: result: /bin/grep
configure:5518: checking for egrep
configure:5580: result: /bin/grep -E
configure:5585: checking for fgrep
configure:5647: result: /bin/grep -F
configure:5682: checking for ld used by gcc -std=gnu99
configure:5749: result: /usr/bin/ld
configure:5756: checking if the linker (/usr/bin/ld) is GNU ld
configure:5771: result: yes
configure:5783: checking for BSD- or MS-compatible name lister (nm)
configure:5832: result: /usr/bin/nm -B
configure:5962: checking the name lister (/usr/bin/nm -B) interface
configure:5969: gcc -std=gnu99 -c -g -O2 -Wall  conftest.c >&5
configure:5972: /usr/bin/nm -B "conftest.o"
configure:5975: output
0000000000000000 B some_variable
configure:5982: result: BSD nm
configure:5985: checking whether ln -s works
configure:5989: result: yes
configure:5997: checking the maximum length of command line arguments
configure:6128: result: 1572864
configure:6145: checking whether the shell understands some XSI constructs
configure:6155: result: yes
configure:6159: checking whether the shell understands "+="
configure:6165: result: yes
configure:6200: checking how to convert x86_64-unknown-linux-gnu file names to x86_64-unknown-linux-gnu format
configure:6240: result: func_convert_file_noop
configure:6247: checking how to convert x86_64-unknown-linux-gnu file names to toolchain format
configure:6267: result: func_convert_file_noop
configure:6274: checking for /usr/bin/ld option to reload object files
configure:6281: result: -r
configure:6355: checking for objdump
configure:6371: found /usr/bin/objdump
configure:6382: result: objdump
configure:6414: checking how to recognize dependent libraries
configure:6612: result: pass_all
configure:6697: checking for dlltool
configure:6727: result: no
configure:6757: checking how to associate runtime and link libraries
configure:6784: result: printf %s\n
configure:6844: checking for ar
configure:6860: found /usr/bin/ar
configure:6871: result: ar
configure:6908: checking for archiver @FILE support
configure:6925: gcc -std=gnu99 -c -g -O2 -Wall  conftest.c >&5
configure:6925: $? = 0
configure:6928: ar cru libconftest.a @conftest.lst >&5
configure:6931: $? = 0
configure:6936: ar cru libconftest.a @conftest.lst >&5
ar: conftest.o: No such file or directory
configure:6939: $? = 1
configure:6951: result: @
configure:7009: checking for strip
configure:7025: found /usr/bin/strip
configure:7036: result: strip
configure:7108: checking for ranlib
configure:7124: found /usr/bin/ranlib
configure:7135: result: ranlib
configure:7237: checking command to parse /usr/bin/nm -B output from gcc -std=gnu99 object
configure:7357: gcc -std=gnu99 -c -g -O2 -Wall  conftest.c >&5
configure:7360: $? = 0
configure:7364: /usr/bin/nm -B conftest.o \| sed -n -e 's/^.*[ ]\([ABCDGIRSTW][ABCDGIRSTW]*\)[ ][ ]*\([_A-Za-z][_A-Za-z0-9]*\)$/\1 \2 \2/p' | sed '/ __gnu_lto/d' \> conftest.nm
configure:7367: $? = 0
configure:7433: gcc -std=gnu99 -o conftest -g -O2 -Wall   conftest.c conftstm.o >&5
configure:7436: $? = 0
configure:7474: result: ok
configure:7511: checking for sysroot
configure:7541: result: no
configure:7618: gcc -std=gnu99 -c -g -O2 -Wall  conftest.c >&5
configure:7621: $? = 0
configure:7810: checking for mt
configure:7826: found /bin/mt
configure:7837: result: mt
configure:7860: checking if mt is a manifest tool
configure:7866: mt '-?'
configure:7874: result: no
configure:8516: checking how to run the C preprocessor
configure:8547: gcc -std=gnu99 -E  conftest.c
configure:8547: $? = 0
configure:8561: gcc -std=gnu99 -E  conftest.c
conftest.c:9:28: fatal error: ac_nonexistent.h: No such file or directory
 #include <ac_nonexistent.h>
                            ^
compilation terminated.
configure:8561: $? = 1
configure: failed program was:
| /* confdefs.h */
| #define PACKAGE_NAME "sphinxbase"
| #define PACKAGE_TARNAME "sphinxbase"
| #define PACKAGE_VERSION "5prealpha"
| #define PACKAGE_STRING "sphinxbase 5prealpha"
| #define PACKAGE_BUGREPORT ""
| #define PACKAGE_URL ""
| /* end confdefs.h.  */
| #include <ac_nonexistent.h>
configure:8586: result: gcc -std=gnu99 -E
configure:8606: gcc -std=gnu99 -E  conftest.c
configure:8606: $? = 0
configure:8620: gcc -std=gnu99 -E  conftest.c
conftest.c:9:28: fatal error: ac_nonexistent.h: No such file or directory
 #include <ac_nonexistent.h>
                            ^
compilation terminated.
configure:8620: $? = 1
configure: failed program was:
| /* confdefs.h */
| #define PACKAGE_NAME "sphinxbase"
| #define PACKAGE_TARNAME "sphinxbase"
| #define PACKAGE_VERSION "5prealpha"
| #define PACKAGE_STRING "sphinxbase 5prealpha"
| #define PACKAGE_BUGREPORT ""
| #define PACKAGE_URL ""
| /* end confdefs.h.  */
| #include <ac_nonexistent.h>
configure:8649: checking for ANSI C header files
configure:8669: gcc -std=gnu99 -c -g -O2 -Wall  conftest.c >&5
configure:8669: $? = 0
configure:8742: gcc -std=gnu99 -o conftest -g -O2 -Wall   conftest.c  >&5
configure:8742: $? = 0
configure:8742: ./conftest
configure:8742: $? = 0
configure:8753: result: yes
configure:8766: checking for sys/types.h
configure:8766: gcc -std=gnu99 -c -g -O2 -Wall  conftest.c >&5
configure:8766: $? = 0
configure:8766: result: yes
configure:8766: checking for sys/stat.h
configure:8766: gcc -std=gnu99 -c -g -O2 -Wall  conftest.c >&5
configure:8766: $? = 0
configure:8766: result: yes
configure:8766: checking for stdlib.h
configure:8766: gcc -std=gnu99 -c -g -O2 -Wall  conftest.c >&5
configure:8766: $? = 0
configure:8766: result: yes
configure:8766: checking for string.h
configure:8766: gcc -std=gnu99 -c -g -O2 -Wall  conftest.c >&5
configure:8766: $? = 0
configure:8766: result: yes
configure:8766: checking for memory.h
configure:8766: gcc -std=gnu99 -c -g -O2 -Wall  conftest.c >&5
configure:8766: $? = 0
configure:8766: result: yes
configure:8766: checking for strings.h
configure:8766: gcc -std=gnu99 -c -g -O2 -Wall  conftest.c >&5
configure:8766: $? = 0
configure:8766: result: yes
configure:8766: checking for inttypes.h
configure:8766: gcc -std=gnu99 -c -g -O2 -Wall  conftest.c >&5
configure:8766: $? = 0
configure:8766: result: yes
configure:8766: checking for stdint.h
configure:8766: gcc -std=gnu99 -c -g -O2 -Wall  conftest.c >&5
configure:8766: $? = 0
configure:8766: result: yes
configure:8766: checking for unistd.h
configure:8766: gcc -std=gnu99 -c -g -O2 -Wall  conftest.c >&5
configure:8766: $? = 0
configure:8766: result: yes
configure:8780: checking for dlfcn.h
configure:8780: gcc -std=gnu99 -c -g -O2 -Wall  conftest.c >&5
configure:8780: $? = 0
configure:8780: result: yes
configure:8986: checking for objdir
configure:9001: result: .libs
configure:9272: checking if gcc -std=gnu99 supports -fno-rtti -fno-exceptions
configure:9290: gcc -std=gnu99 -c -g -O2 -Wall  -fno-rtti -fno-exceptions conftest.c >&5
cc1: warning: command line option '-fno-rtti' is valid for C++/ObjC++ but not for C [enabled by default]
configure:9294: $? = 0
configure:9307: result: no
configure:9634: checking for gcc -std=gnu99 option to produce PIC
configure:9641: result: -fPIC -DPIC
configure:9649: checking if gcc -std=gnu99 PIC flag -fPIC -DPIC works
configure:9667: gcc -std=gnu99 -c -g -O2 -Wall  -fPIC -DPIC -DPIC conftest.c >&5
configure:9671: $? = 0
configure:9684: result: yes
configure:9713: checking if gcc -std=gnu99 static flag -static works
configure:9741: result: yes
configure:9756: checking if gcc -std=gnu99 supports -c -o file.o
configure:9777: gcc -std=gnu99 -c -g -O2 -Wall  -o out/conftest2.o conftest.c >&5
configure:9781: $? = 0
configure:9803: result: yes
configure:9811: checking if gcc -std=gnu99 supports -c -o file.o
configure:9858: result: yes
configure:9891: checking whether the gcc -std=gnu99 linker (/usr/bin/ld -m elf_x86_64) supports shared libraries
configure:11048: result: yes
configure:11085: checking whether -lc should be explicitly linked in
configure:11093: gcc -std=gnu99 -c -g -O2 -Wall  conftest.c >&5
configure:11096: $? = 0
configure:11111: gcc -std=gnu99 -shared  -fPIC -DPIC conftest.o  -v -Wl,-soname -Wl,conftest -o conftest 2\>\&1 \| /bin/grep  -lc  \>/dev/null 2\>\&1
configure:11114: $? = 0
configure:11128: result: no
configure:11288: checking dynamic linker characteristics
configure:11788: gcc -std=gnu99 -o conftest -g -O2 -Wall   -Wl,-rpath -Wl,/foo conftest.c  >&5
configure:11788: $? = 0
configure:12022: result: GNU/Linux ld.so
configure:12129: checking how to hardcode library paths into programs
configure:12154: result: immediate
configure:12694: checking whether stripping libraries is possible
configure:12699: result: yes
configure:12734: checking if libtool supports shared libraries
configure:12736: result: yes
configure:12739: checking whether to build shared libraries
configure:12760: result: yes
configure:12763: checking whether to build static libraries
configure:12767: result: yes
configure:12809: checking for bison
configure:12825: found /usr/bin/bison
configure:12837: result: bison -y
configure:12851: checking for ANSI C header files
configure:12955: result: yes
configure:12963: checking whether byte ordering is bigendian
configure:12978: gcc -std=gnu99 -c -g -O2 -Wall  conftest.c >&5
conftest.c:23:9: error: unknown type name 'not'
         not a universal capable compiler
         ^
conftest.c:23:15: error: expected '=', ',', ';', 'asm' or '__attribute__' before 'universal'
         not a universal capable compiler
               ^
conftest.c:23:15: error: unknown type name 'universal'
configure:12978: $? = 1
configure: failed program was:
| /* confdefs.h */
| #define PACKAGE_NAME "sphinxbase"
| #define PACKAGE_TARNAME "sphinxbase"
| #define PACKAGE_VERSION "5prealpha"
| #define PACKAGE_STRING "sphinxbase 5prealpha"
| #define PACKAGE_BUGREPORT ""
| #define PACKAGE_URL ""
| #define STDC_HEADERS 1
| #define HAVE_SYS_TYPES_H 1
| #define HAVE_SYS_STAT_H 1
| #define HAVE_STDLIB_H 1
| #define HAVE_STRING_H 1
| #define HAVE_MEMORY_H 1
| #define HAVE_STRINGS_H 1
| #define HAVE_INTTYPES_H 1
| #define HAVE_STDINT_H 1
| #define HAVE_UNISTD_H 1
| #define HAVE_DLFCN_H 1
| #define LT_OBJDIR ".libs/"
| #define STDC_HEADERS 1
| /* end confdefs.h.  */
| #ifndef __APPLE_CC__
| 	       not a universal capable compiler
| 	     #endif
| 	     typedef int dummy;
| 
configure:13023: gcc -std=gnu99 -c -g -O2 -Wall  conftest.c >&5
configure:13023: $? = 0
configure:13041: gcc -std=gnu99 -c -g -O2 -Wall  conftest.c >&5
conftest.c: In function 'main':
conftest.c:29:4: error: unknown type name 'not'
    not big endian
    ^
conftest.c:29:12: error: expected '=', ',', ';', 'asm' or '__attribute__' before 'endian'
    not big endian
            ^
configure:13041: $? = 1
configure: failed program was:
| /* confdefs.h */
| #define PACKAGE_NAME "sphinxbase"
| #define PACKAGE_TARNAME "sphinxbase"
| #define PACKAGE_VERSION "5prealpha"
| #define PACKAGE_STRING "sphinxbase 5prealpha"
| #define PACKAGE_BUGREPORT ""
| #define PACKAGE_URL ""
| #define STDC_HEADERS 1
| #define HAVE_SYS_TYPES_H 1
| #define HAVE_SYS_STAT_H 1
| #define HAVE_STDLIB_H 1
| #define HAVE_STRING_H 1
| #define HAVE_MEMORY_H 1
| #define HAVE_STRINGS_H 1
| #define HAVE_INTTYPES_H 1
| #define HAVE_STDINT_H 1
| #define HAVE_UNISTD_H 1
| #define HAVE_DLFCN_H 1
| #define LT_OBJDIR ".libs/"
| #define STDC_HEADERS 1
| /* end confdefs.h.  */
| #include <sys/types.h>
| 		#include <sys/param.h>
| 
| int
| main ()
| {
| #if BYTE_ORDER != BIG_ENDIAN
| 		 not big endian
| 		#endif
| 
|   ;
|   return 0;
| }
configure:13169: result: no
configure:13187: checking return type of signal handlers
configure:13205: gcc -std=gnu99 -c -g -O2 -Wall  conftest.c >&5
conftest.c: In function 'main':
conftest.c:28:1: error: void value not ignored as it ought to be
 return *(signal (0, 0)) (0) == 1;
 ^
configure:13205: $? = 1
configure: failed program was:
| /* confdefs.h */
| #define PACKAGE_NAME "sphinxbase"
| #define PACKAGE_TARNAME "sphinxbase"
| #define PACKAGE_VERSION "5prealpha"
| #define PACKAGE_STRING "sphinxbase 5prealpha"
| #define PACKAGE_BUGREPORT ""
| #define PACKAGE_URL ""
| #define STDC_HEADERS 1
| #define HAVE_SYS_TYPES_H 1
| #define HAVE_SYS_STAT_H 1
| #define HAVE_STDLIB_H 1
| #define HAVE_STRING_H 1
| #define HAVE_MEMORY_H 1
| #define HAVE_STRINGS_H 1
| #define HAVE_INTTYPES_H 1
| #define HAVE_STDINT_H 1
| #define HAVE_UNISTD_H 1
| #define HAVE_DLFCN_H 1
| #define LT_OBJDIR ".libs/"
| #define STDC_HEADERS 1
| /* end confdefs.h.  */
| #include <sys/types.h>
| #include <signal.h>
| 
| int
| main ()
| {
| return *(signal (0, 0)) (0) == 1;
|   ;
|   return 0;
| }
configure:13212: result: void
configure:13220: checking for long long
configure:13220: gcc -std=gnu99 -c -g -O2 -Wall  conftest.c >&5
configure:13220: $? = 0
configure:13220: gcc -std=gnu99 -c -g -O2 -Wall  conftest.c >&5
conftest.c: In function 'main':
conftest.c:59:24: error: expected expression before ')' token
 if (sizeof ((long long)))
                        ^
configure:13220: $? = 1
configure: failed program was:
| /* confdefs.h */
| #define PACKAGE_NAME "sphinxbase"
| #define PACKAGE_TARNAME "sphinxbase"
| #define PACKAGE_VERSION "5prealpha"
| #define PACKAGE_STRING "sphinxbase 5prealpha"
| #define PACKAGE_BUGREPORT ""
| #define PACKAGE_URL ""
| #define STDC_HEADERS 1
| #define HAVE_SYS_TYPES_H 1
| #define HAVE_SYS_STAT_H 1
| #define HAVE_STDLIB_H 1
| #define HAVE_STRING_H 1
| #define HAVE_MEMORY_H 1
| #define HAVE_STRINGS_H 1
| #define HAVE_INTTYPES_H 1
| #define HAVE_STDINT_H 1
| #define HAVE_UNISTD_H 1
| #define HAVE_DLFCN_H 1
| #define LT_OBJDIR ".libs/"
| #define STDC_HEADERS 1
| #define RETSIGTYPE void
| /* end confdefs.h.  */
| #include <stdio.h>
| #ifdef HAVE_SYS_TYPES_H
| # include <sys/types.h>
| #endif
| #ifdef HAVE_SYS_STAT_H
| # include <sys/stat.h>
| #endif
| #ifdef STDC_HEADERS
| # include <stdlib.h>
| # include <stddef.h>
| #else
| # ifdef HAVE_STDLIB_H
| #  include <stdlib.h>
| # endif
| #endif
| #ifdef HAVE_STRING_H
| # if !defined STDC_HEADERS && defined HAVE_MEMORY_H
| #  include <memory.h>
| # endif
| # include <string.h>
| #endif
| #ifdef HAVE_STRINGS_H
| # include <strings.h>
| #endif
| #ifdef HAVE_INTTYPES_H
| # include <inttypes.h>
| #endif
| #ifdef HAVE_STDINT_H
| # include <stdint.h>
| #endif
| #ifdef HAVE_UNISTD_H
| # include <unistd.h>
| #endif
| int
| main ()
| {
| if (sizeof ((long long)))
| 	    return 0;
|   ;
|   return 0;
| }
configure:13220: result: yes
configure:13234: checking size of long long
configure:13239: gcc -std=gnu99 -o conftest -g -O2 -Wall   conftest.c  >&5
configure:13239: $? = 0
configure:13239: ./conftest
configure:13239: $? = 0
configure:13253: result: 8
configure:13267: checking size of long
configure:13272: gcc -std=gnu99 -o conftest -g -O2 -Wall   conftest.c  >&5
configure:13272: $? = 0
configure:13272: ./conftest
configure:13272: $? = 0
configure:13286: result: 8
configure:13299: checking for popen
configure:13299: gcc -std=gnu99 -o conftest -g -O2 -Wall   conftest.c  >&5
configure:13299: $? = 0
configure:13299: result: yes
configure:13299: checking for perror
configure:13299: gcc -std=gnu99 -o conftest -g -O2 -Wall   conftest.c  >&5
configure:13299: $? = 0
configure:13299: result: yes
configure:13299: checking for snprintf
configure:13299: gcc -std=gnu99 -o conftest -g -O2 -Wall   conftest.c  >&5
conftest.c:51:6: warning: conflicting types for built-in function 'snprintf' [enabled by default]
 char snprintf ();
      ^
configure:13299: $? = 0
configure:13299: result: yes
configure:13308: checking errno.h usability
configure:13308: gcc -std=gnu99 -c -g -O2 -Wall  conftest.c >&5
configure:13308: $? = 0
configure:13308: result: yes
configure:13308: checking errno.h presence
configure:13308: gcc -std=gnu99 -E  conftest.c
configure:13308: $? = 0
configure:13308: result: yes
configure:13308: checking for errno.h
configure:13308: result: yes
configure:13328: checking for sgesv_ in -llapack
configure:13353: gcc -std=gnu99 -o conftest -g -O2 -Wall   conftest.c -llapack   >&5
configure:13353: $? = 0
configure:13362: result: yes
configure:13376: checking for sgemm_ in -lblas
configure:13401: gcc -std=gnu99 -o conftest -g -O2 -Wall   conftest.c -lblas  -llapack  >&5
configure:13401: $? = 0
configure:13410: result: yes
configure:13445: checking for log in -lm
configure:13470: gcc -std=gnu99 -o conftest -g -O2 -Wall   conftest.c -lm  -lblas -llapack  >&5
conftest.c:39:6: warning: conflicting types for built-in function 'log' [enabled by default]
 char log ();
      ^
configure:13470: $? = 0
configure:13479: result: yes
configure:13510: checking pthread.h usability
configure:13510: gcc -std=gnu99 -c -g -O2 -Wall  conftest.c >&5
configure:13510: $? = 0
configure:13510: result: yes
configure:13510: checking pthread.h presence
configure:13510: gcc -std=gnu99 -E  conftest.c
configure:13510: $? = 0
configure:13510: result: yes
configure:13510: checking for pthread.h
configure:13510: result: yes
configure:13520: checking for pthread_create in -lpthread
configure:13545: gcc -std=gnu99 -o conftest -g -O2 -Wall   conftest.c -lpthread  -lm -lblas -llapack  >&5
configure:13545: $? = 0
configure:13554: result: yes
configure:13627: checking pulse/pulseaudio.h usability
configure:13627: gcc -std=gnu99 -c -g -O2 -Wall  conftest.c >&5
configure:13627: $? = 0
configure:13627: result: yes
configure:13627: checking pulse/pulseaudio.h presence
configure:13627: gcc -std=gnu99 -E  conftest.c
configure:13627: $? = 0
configure:13627: result: yes
configure:13627: checking for pulse/pulseaudio.h
configure:13627: result: yes
configure:13631: checking for pa_simple_new in -lpulse-simple
configure:13656: gcc -std=gnu99 -o conftest -g -O2 -Wall   conftest.c -lpulse-simple  -lpthread -lm -lblas -llapack  >&5
configure:13656: $? = 0
configure:13665: result: yes
configure:13676: checking for pa_strerror in -lpulse
configure:13701: gcc -std=gnu99 -o conftest -g -O2 -Wall   conftest.c -lpulse  -lpulse-simple -lpthread -lm -lblas -llapack  >&5
configure:13701: $? = 0
configure:13710: result: yes
configure:13826: checking for doxygen
configure:13854: result: no
configure:13915: checking for a Python interpreter with version >= 2.6
configure:13932: python -c import sys # split strings by '.' and convert to numeric. Append some zeros # because we need at least 4 digits for the hex conversion. # map returns an iterator in Python 3.0 and a list in 2.x minver = list(map(int, '2.6'.split('.'))) + [0, 0, 0] minverhex = 0 # xrange is not present in Python 3.0 and range returns an iterator for i in list(range(0, 4)): minverhex = (minverhex << 8) + minver[i] sys.exit(sys.hexversion < minverhex)
configure:13935: $? = 0
configure:13941: result: python
configure:13949: checking for python
configure:13967: found /usr/bin/python
configure:13979: result: /usr/bin/python
configure:13997: checking for python version
configure:14004: result: 2.7
configure:14016: checking for python platform
configure:14023: result: linux2
configure:14049: checking for python script directory
configure:14084: result: ${prefix}/lib/python2.7/dist-packages
configure:14093: checking for python extension module directory
configure:14128: result: ${exec_prefix}/lib/python2.7/dist-packages
configure:14149: checking for python2.7
configure:14179: result: /usr/bin/python
configure:14195: checking for a version of Python >= '2.1.0'
configure:14221: result: yes
configure:14252: checking for the distutils Python package
configure:14256: result: yes
configure:14270: checking for Python include path
configure:14286: result: -I/usr/include/python2.7
configure:14293: checking for Python library path
configure:14370: result: -L/usr/lib -lpython2.7
configure:14377: checking for Python site-packages path
configure:14383: result: /usr/lib/python2.7/dist-packages
configure:14390: checking python extra libraries
configure:14397: result: -lpthread -ldl  -lutil -lm
configure:14404: checking python extra linking flags
configure:14411: result: -Xlinker -export-dynamic -Wl,-O1 -Wl,-Bsymbolic-functions
configure:14418: checking consistency of all components of python development environment
configure:14444: gcc -std=gnu99 -o conftest -g -O2 -Wall  -I/usr/include/python2.7  conftest.c -lpulse -lpulse-simple -lpthread -lm -lblas -llapack  -L/usr/lib -lpython2.7 -Xlinker -export-dynamic -Wl,-O1 -Wl,-Bsymbolic-functions -lpthread -ldl  -lutil -lm >&5
configure:14444: $? = 0
configure:14461: result: yes
configure:14492: checking for swig
configure:14510: found /usr/bin/swig
configure:14522: result: /usr/bin/swig
configure:14536: checking SWIG version
configure:14539: result: 2.0.11
configure:14588: checking for SWIG library
configure:14591: result: /usr/share/swig2.0
configure:14728: checking that generated files are newer than configure
configure:14734: result: done
configure:14786: creating ./config.status

## ---------------------- ##
## Running config.status. ##
## ---------------------- ##

This file was extended by sphinxbase config.status 5prealpha, which was
generated by GNU Autoconf 2.69.  Invocation command line was

  CONFIG_FILES    = 
  CONFIG_HEADERS  = 
  CONFIG_LINKS    = 
  CONFIG_COMMANDS = 
  $ ./config.status 

on caterros

config.status:1169: creating sphinxbase.pc
config.status:1169: creating Makefile
config.status:1169: creating include/Makefile
config.status:1169: creating include/sphinxbase/Makefile
config.status:1169: creating src/Makefile
config.status:1169: creating src/libsphinxad/Makefile
config.status:1169: creating src/libsphinxbase/Makefile
config.status:1169: creating src/libsphinxbase/util/Makefile
config.status:1169: creating src/libsphinxbase/feat/Makefile
config.status:1169: creating src/libsphinxbase/fe/Makefile
config.status:1169: creating src/libsphinxbase/lm/Makefile
config.status:1169: creating src/sphinx_fe/Makefile
config.status:1169: creating src/sphinx_cepview/Makefile
config.status:1169: creating src/sphinx_jsgf2fsg/Makefile
config.status:1169: creating src/sphinx_adtools/Makefile
config.status:1169: creating src/sphinx_lmtools/Makefile
config.status:1169: creating doc/Makefile
config.status:1169: creating doc/doxyfile
config.status:1169: creating test/Makefile
config.status:1169: creating test/unit/testfuncs.sh
config.status:1169: creating test/unit/Makefile
config.status:1169: creating test/unit/test_alloc/Makefile
config.status:1169: creating test/unit/test_bitvec/Makefile
config.status:1169: creating test/unit/test_case/Makefile
config.status:1169: creating test/unit/test_string/Makefile
config.status:1169: creating test/unit/test_cmdln/Makefile
config.status:1169: creating test/unit/test_hash/Makefile
config.status:1169: creating test/unit/test_matrix/Makefile
config.status:1169: creating test/unit/test_feat/Makefile
config.status:1169: creating test/unit/test_fe/Makefile
config.status:1169: creating test/unit/test_logmath/Makefile
config.status:1169: creating test/unit/test_lineiter/Makefile
config.status:1169: creating test/unit/test_ngram/Makefile
config.status:1169: creating test/unit/test_fsg/Makefile
config.status:1169: creating test/unit/test_thread/Makefile
config.status:1169: creating test/unit/test_util/Makefile
config.status:1169: creating test/regression/testfuncs.sh
config.status:1169: creating test/regression/Makefile
config.status:1169: creating swig/Makefile
config.status:1169: creating swig/python/Makefile
config.status:1169: creating include/config.h
config.status:1169: creating include/sphinx_config.h
config.status:1383: executing depfiles commands
config.status:1383: executing libtool commands

## ---------------- ##
## Cache variables. ##
## ---------------- ##

ac_cv_build=x86_64-unknown-linux-gnu
ac_cv_c_bigendian=no
ac_cv_c_compiler_gnu=yes
ac_cv_env_CC_set=
ac_cv_env_CC_value=
ac_cv_env_CFLAGS_set=
ac_cv_env_CFLAGS_value=
ac_cv_env_CPPFLAGS_set=
ac_cv_env_CPPFLAGS_value=
ac_cv_env_CPP_set=
ac_cv_env_CPP_value=
ac_cv_env_LDFLAGS_set=
ac_cv_env_LDFLAGS_value=
ac_cv_env_LIBS_set=
ac_cv_env_LIBS_value=
ac_cv_env_PYTHON_VERSION_set=
ac_cv_env_PYTHON_VERSION_value=
ac_cv_env_PYTHON_set=
ac_cv_env_PYTHON_value=
ac_cv_env_YACC_set=
ac_cv_env_YACC_value=
ac_cv_env_build_alias_set=
ac_cv_env_build_alias_value=
ac_cv_env_host_alias_set=
ac_cv_env_host_alias_value=
ac_cv_env_target_alias_set=
ac_cv_env_target_alias_value=
ac_cv_func_perror=yes
ac_cv_func_popen=yes
ac_cv_func_snprintf=yes
ac_cv_header_dlfcn_h=yes
ac_cv_header_errno_h=yes
ac_cv_header_inttypes_h=yes
ac_cv_header_memory_h=yes
ac_cv_header_pthread_h=yes
ac_cv_header_pulse_pulseaudio_h=yes
ac_cv_header_stdc=yes
ac_cv_header_stdint_h=yes
ac_cv_header_stdlib_h=yes
ac_cv_header_string_h=yes
ac_cv_header_strings_h=yes
ac_cv_header_sys_stat_h=yes
ac_cv_header_sys_types_h=yes
ac_cv_header_unistd_h=yes
ac_cv_host=x86_64-unknown-linux-gnu
ac_cv_lib_blas_sgemm_=yes
ac_cv_lib_lapack_sgesv_=yes
ac_cv_lib_m_log=yes
ac_cv_lib_pthread_pthread_create=yes
ac_cv_lib_pulse_pa_strerror=yes
ac_cv_lib_pulse_simple_pa_simple_new=yes
ac_cv_objext=o
ac_cv_path_EGREP='/bin/grep -E'
ac_cv_path_FGREP='/bin/grep -F'
ac_cv_path_GREP=/bin/grep
ac_cv_path_PYTHON=/usr/bin/python
ac_cv_path_SED=/bin/sed
ac_cv_path_SWIG=/usr/bin/swig
ac_cv_path_install='/usr/bin/install -c'
ac_cv_path_mkdir=/bin/mkdir
ac_cv_prog_AWK=mawk
ac_cv_prog_CPP='gcc -std=gnu99 -E'
ac_cv_prog_HAVE_DOXYGEN=no
ac_cv_prog_YACC='bison -y'
ac_cv_prog_ac_ct_AR=ar
ac_cv_prog_ac_ct_CC=gcc
ac_cv_prog_ac_ct_MANIFEST_TOOL=mt
ac_cv_prog_ac_ct_OBJDUMP=objdump
ac_cv_prog_ac_ct_RANLIB=ranlib
ac_cv_prog_ac_ct_STRIP=strip
ac_cv_prog_cc_c89=
ac_cv_prog_cc_c99=-std=gnu99
ac_cv_prog_cc_g=yes
ac_cv_prog_cc_stdc=-std=gnu99
ac_cv_prog_make_make_set=yes
ac_cv_search_strerror='none required'
ac_cv_sizeof_long=8
ac_cv_sizeof_long_long=8
ac_cv_type_long_long=yes
ac_cv_type_signal=void
am_cv_CC_dependencies_compiler_type=gcc3
am_cv_make_support_nested_variables=yes
am_cv_pathless_PYTHON=python
am_cv_prog_cc_c_o=yes
am_cv_python_platform=linux2
am_cv_python_pyexecdir='${exec_prefix}/lib/python2.7/dist-packages'
am_cv_python_pythondir='${prefix}/lib/python2.7/dist-packages'
am_cv_python_version=2.7
lt_cv_ar_at_file=@
lt_cv_archive_cmds_need_lc=no
lt_cv_deplibs_check_method=pass_all
lt_cv_file_magic_cmd='$MAGIC_CMD'
lt_cv_file_magic_test_file=
lt_cv_ld_reload_flag=-r
lt_cv_nm_interface='BSD nm'
lt_cv_objdir=.libs
lt_cv_path_LD=/usr/bin/ld
lt_cv_path_NM='/usr/bin/nm -B'
lt_cv_path_mainfest_tool=no
lt_cv_prog_compiler_c_o=yes
lt_cv_prog_compiler_pic='-fPIC -DPIC'
lt_cv_prog_compiler_pic_works=yes
lt_cv_prog_compiler_rtti_exceptions=no
lt_cv_prog_compiler_static_works=yes
lt_cv_prog_gnu_ld=yes
lt_cv_sharedlib_from_linklib_cmd='printf %s\n'
lt_cv_shlibpath_overrides_runpath=no
lt_cv_sys_global_symbol_pipe='sed -n -e '\''s/^.*[	 ]\([ABCDGIRSTW][ABCDGIRSTW]*\)[	 ][	 ]*\([_A-Za-z][_A-Za-z0-9]*\)$/\1 \2 \2/p'\'' | sed '\''/ __gnu_lto/d'\'''
lt_cv_sys_global_symbol_to_c_name_address='sed -n -e '\''s/^: \([^ ]*\)[ ]*$/  {\"\1\", (void *) 0},/p'\'' -e '\''s/^[ABCDGIRSTW]* \([^ ]*\) \([^ ]*\)$/  {"\2", (void *) \&\2},/p'\'''
lt_cv_sys_global_symbol_to_c_name_address_lib_prefix='sed -n -e '\''s/^: \([^ ]*\)[ ]*$/  {\"\1\", (void *) 0},/p'\'' -e '\''s/^[ABCDGIRSTW]* \([^ ]*\) \(lib[^ ]*\)$/  {"\2", (void *) \&\2},/p'\'' -e '\''s/^[ABCDGIRSTW]* \([^ ]*\) \([^ ]*\)$/  {"lib\2", (void *) \&\2},/p'\'''
lt_cv_sys_global_symbol_to_cdecl='sed -n -e '\''s/^T .* \(.*\)$/extern int \1();/p'\'' -e '\''s/^[ABCDGIRSTW]* .* \(.*\)$/extern char \1;/p'\'''
lt_cv_sys_max_cmd_len=1572864
lt_cv_to_host_file_cmd=func_convert_file_noop
lt_cv_to_tool_file_cmd=func_convert_file_noop

## ----------------- ##
## Output variables. ##
## ----------------- ##

ACLOCAL='${SHELL} /home/caterros/caterros_ws/src/dialogsystem/CMU/sphinx-source/sphinxbase/missing aclocal-1.14'
AMDEPBACKSLASH='\'
AMDEP_FALSE='#'
AMDEP_TRUE=''
AMTAR='$${TAR-tar}'
AM_BACKSLASH='\'
AM_DEFAULT_V='$(AM_DEFAULT_VERBOSITY)'
AM_DEFAULT_VERBOSITY='1'
AM_V='$(V)'
AR='ar'
AUTOCONF='${SHELL} /home/caterros/caterros_ws/src/dialogsystem/CMU/sphinx-source/sphinxbase/missing autoconf'
AUTOHEADER='${SHELL} /home/caterros/caterros_ws/src/dialogsystem/CMU/sphinx-source/sphinxbase/missing autoheader'
AUTOMAKE='${SHELL} /home/caterros/caterros_ws/src/dialogsystem/CMU/sphinx-source/sphinxbase/missing automake-1.14'
AWK='mawk'
BUILD_DOXYGEN_FALSE=''
BUILD_DOXYGEN_TRUE='#'
BUILD_SWIG_FALSE='#'
BUILD_SWIG_TRUE=''
CC='gcc -std=gnu99'
CCDEPMODE='depmode=gcc3'
CFLAGS='-g -O2 -Wall'
CPP='gcc -std=gnu99 -E'
CPPFLAGS=''
CYGPATH_W='echo'
DEFS='-DHAVE_CONFIG_H'
DEPDIR='.deps'
DLLTOOL='false'
DSYMUTIL=''
DUMPBIN=''
ECHO_C=''
ECHO_N='-n'
ECHO_T=''
EGREP='/bin/grep -E'
EXEEXT=''
FGREP='/bin/grep -F'
FIXED_POINT_FALSE=''
FIXED_POINT_TRUE='#'
GREP='/bin/grep'
HAVE_DOXYGEN='no'
INSTALL_DATA='${INSTALL} -m 644'
INSTALL_PROGRAM='${INSTALL}'
INSTALL_SCRIPT='${INSTALL}'
INSTALL_STRIP_PROGRAM='$(install_sh) -c -s'
LAPACK_LITE_FALSE=''
LAPACK_LITE_TRUE='#'
LD='/usr/bin/ld -m elf_x86_64'
LDFLAGS=''
LIBOBJS=''
LIBS='-lpulse -lpulse-simple -lpthread -lm -lblas -llapack '
LIBTOOL='$(SHELL) $(top_builddir)/libtool'
LIPO=''
LN_S='ln -s'
LTLIBOBJS=''
MAKEINFO='${SHELL} /home/caterros/caterros_ws/src/dialogsystem/CMU/sphinx-source/sphinxbase/missing makeinfo'
MANIFEST_TOOL=':'
MKDIR_P='/bin/mkdir -p'
NM='/usr/bin/nm -B'
NMEDIT=''
OBJDUMP='objdump'
OBJEXT='o'
OTOOL64=''
OTOOL=''
PACKAGE='sphinxbase'
PACKAGE_BUGREPORT=''
PACKAGE_NAME='sphinxbase'
PACKAGE_STRING='sphinxbase 5prealpha'
PACKAGE_TARNAME='sphinxbase'
PACKAGE_URL=''
PACKAGE_VERSION='5prealpha'
PATH_SEPARATOR=':'
PYTHON='/usr/bin/python'
PYTHON_CPPFLAGS='-I/usr/include/python2.7'
PYTHON_EXEC_PREFIX='${exec_prefix}'
PYTHON_EXTRA_LDFLAGS='-Xlinker -export-dynamic -Wl,-O1 -Wl,-Bsymbolic-functions'
PYTHON_EXTRA_LIBS='-lpthread -ldl  -lutil -lm'
PYTHON_LDFLAGS='-L/usr/lib -lpython2.7'
PYTHON_PLATFORM='linux2'
PYTHON_PREFIX='${prefix}'
PYTHON_SITE_PKG='/usr/lib/python2.7/dist-packages'
PYTHON_VERSION='2.7'
RANLIB='ranlib'
SED='/bin/sed'
SET_MAKE=''
SHELL='/bin/bash'
STRIP='strip'
SWIG='/usr/bin/swig'
SWIG_LIB='/usr/share/swig2.0'
USE_LAPACK_FALSE='#'
USE_LAPACK_TRUE=''
USE_THREADS_FALSE='#'
USE_THREADS_TRUE=''
VERSION='5prealpha'
YACC='bison -y'
ac_ct_AR='ar'
ac_ct_CC='gcc'
ac_ct_DUMPBIN=''
ad_cppflags=''
ad_files='ad_pulse.lo'
ad_libs=''
am__EXEEXT_FALSE=''
am__EXEEXT_TRUE='#'
am__fastdepCC_FALSE='#'
am__fastdepCC_TRUE=''
am__include='include'
am__isrc=' -I$(srcdir)'
am__leading_dot='.'
am__nodep='_no'
am__quote=''
am__tar='$${TAR-tar} chof - "$$tardir"'
am__untar='$${TAR-tar} xf -'
bindir='${exec_prefix}/bin'
build='x86_64-unknown-linux-gnu'
build_alias=''
build_cpu='x86_64'
build_os='linux-gnu'
build_vendor='unknown'
datadir='${datarootdir}'
datarootdir='${prefix}/share'
docdir='${datarootdir}/doc/${PACKAGE_TARNAME}'
dvidir='${docdir}'
exec_prefix='${prefix}'
host='x86_64-unknown-linux-gnu'
host_alias=''
host_cpu='x86_64'
host_os='linux-gnu'
host_vendor='unknown'
htmldir='${docdir}'
includedir='${prefix}/include'
infodir='${datarootdir}/info'
install_sh='${SHELL} /home/caterros/caterros_ws/src/dialogsystem/CMU/sphinx-source/sphinxbase/install-sh'
libdir='${exec_prefix}/lib'
libexecdir='${exec_prefix}/libexec'
localedir='${datarootdir}/locale'
localstatedir='${prefix}/var'
mandir='${datarootdir}/man'
mkdir_p='$(MKDIR_P)'
oldincludedir='/usr/include'
pdfdir='${docdir}'
pkgpyexecdir='${pyexecdir}/sphinxbase'
pkgpythondir='${pythondir}/sphinxbase'
prefix='/usr/local'
program_transform_name='s,x,x,'
psdir='${docdir}'
pyexecdir='${exec_prefix}/lib/python2.7/dist-packages'
pythondir='${prefix}/lib/python2.7/dist-packages'
sbindir='${exec_prefix}/sbin'
sharedstatedir='${prefix}/com'
sysconfdir='${prefix}/etc'
target_alias=''

## ----------- ##
## confdefs.h. ##
## ----------- ##

/* confdefs.h */
#define PACKAGE_NAME "sphinxbase"
#define PACKAGE_TARNAME "sphinxbase"
#define PACKAGE_VERSION "5prealpha"
#define PACKAGE_STRING "sphinxbase 5prealpha"
#define PACKAGE_BUGREPORT ""
#define PACKAGE_URL ""
#define STDC_HEADERS 1
#define HAVE_SYS_TYPES_H 1
#define HAVE_SYS_STAT_H 1
#define HAVE_STDLIB_H 1
#define HAVE_STRING_H 1
#define HAVE_MEMORY_H 1
#define HAVE_STRINGS_H 1
#define HAVE_INTTYPES_H 1
#define HAVE_STDINT_H 1
#define HAVE_UNISTD_H 1
#define HAVE_DLFCN_H 1
#define LT_OBJDIR ".libs/"
#define STDC_HEADERS 1
#define RETSIGTYPE void
#define HAVE_LONG_LONG 1
#define SIZEOF_LONG_LONG 8
#define SIZEOF_LONG 8
#define HAVE_POPEN 1
#define HAVE_PERROR 1
#define HAVE_SNPRINTF 1
#define HAVE_LIBLAPACK 1
#define HAVE_LIBBLAS 1
#define WITH_LAPACK /**/
#define HAVE_LIBM 1
#define HAVE_PTHREAD_H 1
#define HAVE_LIBPTHREAD 1
#define ENABLE_THREADS /**/
#define HAVE_LIBPULSE_SIMPLE 1
#define HAVE_LIBPULSE 1
#define HAVE_PYTHON "2.7"

configure: exit 0
